2025-05-07 23:09:44.834 [info] [main] Log level: Info
2025-05-07 23:09:44.834 [info] [main] Validating found git in: "git"
2025-05-07 23:09:44.834 [info] [main] Using git "2.43.0" from "git"
2025-05-07 23:09:44.834 [info] [Model][doInitialScan] Initial repository scan started
2025-05-07 23:09:44.834 [info] > git rev-parse --show-toplevel [1755ms]
2025-05-07 23:09:44.834 [info] fatal: not a git repository (or any parent up to mount point /)
Stopping at filesystem boundary (GIT_DISCOVERY_ACROSS_FILESYSTEM not set).
2025-05-07 23:09:44.834 [info] > git rev-parse --show-toplevel [4ms]
2025-05-07 23:09:44.834 [info] fatal: not a git repository (or any parent up to mount point /)
Stopping at filesystem boundary (GIT_DISCOVERY_ACROSS_FILESYSTEM not set).
2025-05-07 23:09:44.836 [info] > git rev-parse --show-toplevel [3ms]
2025-05-07 23:09:44.836 [info] fatal: not a git repository (or any parent up to mount point /)
Stopping at filesystem boundary (GIT_DISCOVERY_ACROSS_FILESYSTEM not set).
2025-05-07 23:09:44.842 [info] > git rev-parse --show-toplevel [2ms]
2025-05-07 23:09:44.842 [info] fatal: not a git repository (or any parent up to mount point /)
Stopping at filesystem boundary (GIT_DISCOVERY_ACROSS_FILESYSTEM not set).
2025-05-07 23:09:44.848 [info] > git rev-parse --show-toplevel [2ms]
2025-05-07 23:09:44.848 [info] fatal: not a git repository (or any parent up to mount point /)
Stopping at filesystem boundary (GIT_DISCOVERY_ACROSS_FILESYSTEM not set).
2025-05-07 23:09:44.854 [info] > git rev-parse --show-toplevel [2ms]
2025-05-07 23:09:44.854 [info] fatal: not a git repository (or any parent up to mount point /)
Stopping at filesystem boundary (GIT_DISCOVERY_ACROSS_FILESYSTEM not set).
2025-05-07 23:09:44.860 [info] > git rev-parse --show-toplevel [2ms]
2025-05-07 23:09:44.860 [info] fatal: not a git repository (or any parent up to mount point /)
Stopping at filesystem boundary (GIT_DISCOVERY_ACROSS_FILESYSTEM not set).
2025-05-07 23:09:44.860 [info] [Model][doInitialScan] Initial repository scan completed - repositories (0), closed repositories (0), parent repositories (0), unsafe repositories (0)
2025-05-07 23:09:47.839 [info] > git rev-parse --show-toplevel [13ms]
2025-05-07 23:09:47.840 [info] fatal: not a git repository (or any parent up to mount point /)
Stopping at filesystem boundary (GIT_DISCOVERY_ACROSS_FILESYSTEM not set).
2025-05-07 23:11:52.005 [info] > git rev-parse --show-toplevel [4ms]
2025-05-07 23:11:52.005 [info] fatal: not a git repository (or any parent up to mount point /)
Stopping at filesystem boundary (GIT_DISCOVERY_ACROSS_FILESYSTEM not set).
2025-05-07 23:12:06.341 [info] > git rev-parse --show-toplevel [3ms]
2025-05-07 23:12:06.341 [info] fatal: not a git repository (or any parent up to mount point /)
Stopping at filesystem boundary (GIT_DISCOVERY_ACROSS_FILESYSTEM not set).
2025-05-07 23:12:06.361 [info] > git rev-parse --show-toplevel [6ms]
2025-05-07 23:12:06.361 [info] fatal: not a git repository (or any parent up to mount point /)
Stopping at filesystem boundary (GIT_DISCOVERY_ACROSS_FILESYSTEM not set).
2025-05-07 23:12:06.789 [info] > git rev-parse --show-toplevel [8ms]
2025-05-07 23:12:06.789 [info] fatal: not a git repository (or any parent up to mount point /)
Stopping at filesystem boundary (GIT_DISCOVERY_ACROSS_FILESYSTEM not set).
2025-05-07 23:12:22.271 [info] > git rev-parse --show-toplevel [5ms]
2025-05-07 23:12:22.271 [info] fatal: not a git repository (or any parent up to mount point /)
Stopping at filesystem boundary (GIT_DISCOVERY_ACROSS_FILESYSTEM not set).
2025-05-07 23:12:22.282 [info] > git rev-parse --show-toplevel [1ms]
2025-05-07 23:12:22.282 [info] fatal: not a git repository (or any parent up to mount point /)
Stopping at filesystem boundary (GIT_DISCOVERY_ACROSS_FILESYSTEM not set).
2025-05-07 23:12:30.247 [info] > git rev-parse --show-toplevel [3ms]
2025-05-07 23:12:30.247 [info] fatal: not a git repository (or any parent up to mount point /)
Stopping at filesystem boundary (GIT_DISCOVERY_ACROSS_FILESYSTEM not set).
2025-05-07 23:12:30.257 [info] > git rev-parse --show-toplevel [2ms]
2025-05-07 23:12:30.257 [info] fatal: not a git repository (or any parent up to mount point /)
Stopping at filesystem boundary (GIT_DISCOVERY_ACROSS_FILESYSTEM not set).
2025-05-07 23:12:31.408 [info] > git rev-parse --show-toplevel [6ms]
2025-05-07 23:12:31.408 [info] fatal: not a git repository (or any parent up to mount point /)
Stopping at filesystem boundary (GIT_DISCOVERY_ACROSS_FILESYSTEM not set).
2025-05-07 23:12:31.417 [info] > git rev-parse --show-toplevel [2ms]
2025-05-07 23:12:31.417 [info] fatal: not a git repository (or any parent up to mount point /)
Stopping at filesystem boundary (GIT_DISCOVERY_ACROSS_FILESYSTEM not set).
2025-05-07 23:19:15.648 [info] > git rev-parse --show-toplevel [2ms]
2025-05-07 23:19:15.657 [info] > git rev-parse --git-dir --git-common-dir [2ms]
2025-05-07 23:19:15.672 [info] [Model][openRepository] Opened repository: /home/holasoyjuanzzz1
2025-05-07 23:19:15.691 [info] [Git][getRemotes] No remotes found in the git config file
2025-05-07 23:19:15.692 [info] > git config --get commit.template [10ms]
2025-05-07 23:19:15.693 [info] > git for-each-ref --format=%(refname)%00%(upstream:short)%00%(objectname)%00%(upstream:track)%00%(upstream:remotename)%00%(upstream:remoteref) refs/heads/master refs/remotes/master [4ms]
2025-05-07 23:19:15.693 [warning] [Git][getBranch] No such branch: master
2025-05-07 23:19:15.712 [info] > git status -z -uall [11ms]
2025-05-07 23:19:15.715 [info] > git for-each-ref --sort -committerdate --format %(refname) %(objectname) %(*objectname) [6ms]
2025-05-07 23:19:15.741 [info] > git for-each-ref --format=%(refname)%00%(upstream:short)%00%(objectname)%00%(upstream:track)%00%(upstream:remotename)%00%(upstream:remoteref) refs/heads/master refs/remotes/master [14ms]
2025-05-07 23:19:15.741 [warning] [Git][getBranch] No such branch: master
2025-05-07 23:19:15.743 [error] [GitHistoryProvider][resolveHEADMergeBase] Failed to resolve merge base for master: Error: No such branch: master.
2025-05-07 23:19:15.744 [info] > git config --get commit.template [4ms]
2025-05-07 23:19:15.751 [info] [Git][getRemotes] No remotes found in the git config file
2025-05-07 23:19:15.753 [info] > git for-each-ref --format=%(refname)%00%(upstream:short)%00%(objectname)%00%(upstream:track)%00%(upstream:remotename)%00%(upstream:remoteref) refs/heads/master refs/remotes/master [2ms]
2025-05-07 23:19:15.753 [warning] [Git][getBranch] No such branch: master
2025-05-07 23:19:15.788 [info] > git status -z -uall [29ms]
2025-05-07 23:19:15.789 [info] > git for-each-ref --sort -committerdate --format %(refname) %(objectname) %(*objectname) [22ms]
2025-05-07 23:19:16.343 [info] > git check-ignore -v -z --stdin [3ms]
2025-05-07 23:19:16.381 [info] > git show --textconv :DemoGit/index.html [9ms]
2025-05-07 23:19:16.382 [info] > git ls-files --stage -- /home/holasoyjuanzzz1/DemoGit/index.html [3ms]
2025-05-07 23:22:09.038 [info] > git ls-files --stage -- /home/holasoyjuanzzz1/DemoGit/index.html [1ms]
2025-05-07 23:22:09.182 [info] > git show --textconv :DemoGit/index.html [2ms]
2025-05-07 23:22:30.865 [info] > git config --get commit.template [2ms]
2025-05-07 23:22:30.866 [info] [Git][getRemotes] No remotes found in the git config file
2025-05-07 23:22:30.874 [info] > git for-each-ref --format=%(refname)%00%(upstream:short)%00%(objectname)%00%(upstream:track)%00%(upstream:remotename)%00%(upstream:remoteref) refs/heads/master refs/remotes/master [2ms]
2025-05-07 23:22:30.874 [warning] [Git][getBranch] No such branch: master
2025-05-07 23:22:30.889 [info] > git status -z -uall [8ms]
2025-05-07 23:22:30.891 [info] > git for-each-ref --sort -committerdate --format %(refname) %(objectname) %(*objectname) [3ms]
2025-05-07 23:22:41.044 [info] [Git][getRemotes] No remotes found in the git config file
2025-05-07 23:22:41.051 [info] > git config --get commit.template [8ms]
2025-05-07 23:22:41.052 [info] > git for-each-ref --format=%(refname)%00%(upstream:short)%00%(objectname)%00%(upstream:track)%00%(upstream:remotename)%00%(upstream:remoteref) refs/heads/master refs/remotes/master [2ms]
2025-05-07 23:22:41.052 [warning] [Git][getBranch] No such branch: master
2025-05-07 23:22:41.068 [info] > git status -z -uall [9ms]
2025-05-07 23:22:41.070 [info] > git for-each-ref --sort -committerdate --format %(refname) %(objectname) %(*objectname) [3ms]
2025-05-07 23:23:39.358 [info] [Git][getRemotes] No remotes found in the git config file
2025-05-07 23:23:39.359 [info] > git config --get commit.template [8ms]
2025-05-07 23:23:39.360 [info] > git for-each-ref --format=%(refname)%00%(upstream:short)%00%(objectname)%00%(upstream:track)%00%(upstream:remotename)%00%(upstream:remoteref) refs/heads/master refs/remotes/master [2ms]
2025-05-07 23:23:39.360 [warning] [Git][getBranch] No such branch: master
2025-05-07 23:23:39.376 [info] > git status -z -uall [10ms]
2025-05-07 23:23:39.377 [info] > git for-each-ref --sort -committerdate --format %(refname) %(objectname) %(*objectname) [4ms]
2025-05-07 23:23:44.394 [info] [Git][getRemotes] No remotes found in the git config file
2025-05-07 23:23:44.395 [info] > git config --get commit.template [9ms]
2025-05-07 23:23:44.396 [info] > git for-each-ref --format=%(refname)%00%(upstream:short)%00%(objectname)%00%(upstream:track)%00%(upstream:remotename)%00%(upstream:remoteref) refs/heads/master refs/remotes/master [2ms]
2025-05-07 23:23:44.396 [warning] [Git][getBranch] No such branch: master
2025-05-07 23:23:44.415 [info] > git status -z -uall [13ms]
2025-05-07 23:23:44.417 [info] > git for-each-ref --sort -committerdate --format %(refname) %(objectname) %(*objectname) [4ms]
2025-05-07 23:23:54.895 [info] > git check-ignore -v -z --stdin [2ms]
2025-05-07 23:24:09.454 [info] > git show --textconv :README-cloudshell.txt [8ms]
2025-05-07 23:24:09.456 [info] > git ls-files --stage -- /home/holasoyjuanzzz1/README-cloudshell.txt [3ms]
2025-05-07 23:24:13.214 [info] > git show --textconv :DemoGit/index.html [8ms]
2025-05-07 23:24:13.215 [info] > git ls-files --stage -- /home/holasoyjuanzzz1/DemoGit/index.html [2ms]
