2025-05-07 23:56:12: Accepted generated code with cited text 
```
DOCTYPE html>
<html lang="es">
<head>
    <meta charset="UTF-8">
    <meta name="viewport" content="width=device-width, initial-scale=1.0">
    <title>
```
 from 'https://es.wikipedia.org/wiki/PHP' with an unknown license
TextDocument: untitled:Untitled-1, InsertPosition: Ln:0, Col:0

2025-05-07 23:56:12: Accepted generated code with cited text 
```
index.html">Inicio</a></li>
                <li><a href="proyectos.html">Proyectos</a></li>
                <li><a href="contacto.html">Contacto</a></li>
            </ul>
        </nav>
    </header>

    <main>
        <
```
 from 'https://github.com/sseba10/sseba10.github.io' with an unknown license
TextDocument: untitled:Untitled-1, InsertPosition: Ln:0, Col:0

2025-05-07 23:56:15: Accepted generated code with cited text 
```
CTYPE html>
<html lang="es">
<head>
    <meta charset="UTF-8">
    <meta name="viewport" content="width=device-width, initial-scale=1.0">
    <title>
```
 from 'https://es.wikipedia.org/wiki/PHP' with an unknown license
TextDocument: file:///home/holasoyjuanzzz1/contacto.html%20, InsertPosition: Ln:0, Col:0

2025-05-07 23:56:15: Accepted generated code with cited text 
```

```
 from 'https://github.com/sseba10/sseba10.github.io' with an unknown license
TextDocument: file:///home/holasoyjuanzzz1/contacto.html%20, InsertPosition: Ln:0, Col:0

