Initializing document watcher...
Document watcher initialized
/User/settings.json: Using EditorConfig core...
holasoyjuanzzz1/DemoGit/index.html: {}
holasoyjuanzzz1/Untitled-1: {}
/User/settings.json: Using EditorConfig core...
holasoyjuanzzz1/Untitled-1: {}
holasoyjuanzzz1/DemoGit/index.html: {}
holasoyjuanzzz1/DemoGit/index.html: Using EditorConfig core...
holasoyjuanzzz1/DemoGit/index.html: Using EditorConfig core...
holasoyjuanzzz1/Untitled-1: {}
holasoyjuanzzz1/DemoGit/index.html: {}
holasoyjuanzzz1/DemoGit/index.html: Using EditorConfig core...
holasoyjuanzzz1/DemoGit/index.html: {}
holasoyjuanzzz1/DemoGit/index.html: {}
holasoyjuanzzz1/DemoGit/index.html: {}
holasoyjuanzzz1/DemoGit/index.html: {}
holasoyjuanzzz1/DemoGit/index.html: {}
holasoyjuanzzz1/DemoGit/index.html: {}
holasoyjuanzzz1/DemoGit/index.html: {}
holasoyjuanzzz1/DemoGit/index.html: {}
holasoyjuanzzz1/DemoGit/index.html: {}
holasoyjuanzzz1/DemoGit/index.html: {}
holasoyjuanzzz1/DemoGit/index.html: {}
holasoyjuanzzz1/DemoGit/index.html: {}
holasoyjuanzzz1/README-cloudshell.txt: {}
holasoyjuanzzz1/DemoGit/index.html: {}
holasoyjuanzzz1/DemoGit/index.html: {}
